2025-06-02 13:10:47,450 - INFO - Chrome驱动启动成功
2025-06-02 13:10:50,145 - INFO - Cookie加载成功
2025-06-02 13:10:58,378 - INFO - 开始爬取热榜数据
2025-06-02 13:10:58,397 - INFO - 使用选择器 'section.HotItem' 找到 30 个元素
2025-06-02 13:11:02,939 - INFO - 解析第 1 条: 如何看待乌对俄发动大规模无人机特种作战，称摧毁 41 架俄战略轰炸机？对俄乌谈判有何影响？
当地时间...
2025-06-02 13:11:07,675 - INFO - 解析第 2 条: 哪些电视剧现在再看让你感叹「我小时候吃这么好」？
哪些影视作品陪伴了你一整个童年？他们曾带给你什么样...
2025-06-02 13:11:12,543 - INFO - 解析第 3 条: 新乡医学院十年磨一剑终于更名成功，为什么还是心有不甘？
关于更名为河南医药大学之事，众多人表示有点遗...
2025-06-02 13:11:17,078 - INFO - 解析第 4 条: 把机器人做成人形的意义何在？
悬臂型，半球型，是不是更便于应用？ 为啥问题突然火了...
2025-06-02 13:11:21,838 - INFO - 解析第 5 条: 网传高考 400 多万复读生的数据是从哪来的，这个数字靠谱吗？
每年自媒体都传复读生有 400 多万...
2025-06-02 13:11:26,301 - INFO - 解析第 6 条: 如何评价《藏海传》第 29-32 集？...
2025-06-02 13:11:30,873 - INFO - 解析第 7 条: 日本东京都 23 区 5 月通胀率达 3.6%，日本经济为何从通缩直升通胀？
日本东京 5 月核心 ...
2025-06-02 13:11:35,435 - INFO - 解析第 8 条: 国际米兰也是欧洲豪门，为何在欧冠决赛，他们会输巴黎圣日耳曼 5 个球，国际米兰输的这么惨?
怎么说呢...
2025-06-02 13:11:40,095 - INFO - 解析第 9 条: 当年拥有梅西、姆巴佩和内马尔的巴黎圣日耳曼都没有欧冠，为何如今这支巴黎圣日耳曼拿到欧冠冠军?
想当年...
2025-06-02 13:11:45,016 - INFO - 解析第 10 条: 随着大巴黎获得 2025 欧冠冠军，登贝莱今年的金球奖稳了吗？
北京时间 6 月 1 日，欧冠决赛打...
2025-06-02 13:11:49,904 - INFO - 解析第 11 条: 俄桥梁坍塌事故已致 7 死 47 伤，俄侦委会称事故系爆炸引起，已展开刑事调查，具体情况如何？
当地...
2025-06-02 13:11:54,358 - INFO - 解析第 12 条: 樊振东官宣加盟德甲联赛，他为何会选择欧洲联赛？还会代表国家队参赛吗？
据央视网体育 6 月 1 日消...
2025-06-02 13:11:58,840 - INFO - 解析第 13 条: 如果 Dota2 天梯的败者 MVP 不但不扣分，甚至加 1-5 分，会不会对游戏环境有所改善?
一...
2025-06-02 13:12:03,751 - INFO - 解析第 14 条: 单片机好难学啊，大家是咋学的？...
2025-06-02 13:12:08,187 - INFO - 解析第 15 条: 40 多岁男子坐共享单车车篮摔死，单手骑车的同伴被认定全责，骑车同伴将承担哪些责任？
共享单车车身上...
2025-06-02 13:12:12,930 - INFO - 解析第 16 条: 单位规定 8:30 上班，但我有一个同事，今年 50，他每天 6-7 点就上班了，我不理解，这是怎样...
2025-06-02 13:12:17,414 - INFO - 解析第 17 条: 榴莲价格暴跌 50% ，商家称「一天一个价」，如何看待此次榴莲价格「腰斩」？未来还会降吗？
据悉，在...
2025-06-02 13:12:22,206 - INFO - 解析第 18 条: 宇树科技更名「股份有限公司」，是为上市做准备吗？
5 月 29 日，有消息称，宇树科技向合作伙伴发布...
2025-06-02 13:12:27,018 - INFO - 解析第 19 条: 还有不到一星期高考，太浮躁怎么办?
距高考还有两个星期的时候，就听不进去课了，一天收获为 0，两天考...
2025-06-02 13:12:31,966 - INFO - 解析第 20 条: 2025 年各地龙舟大赛陆续上演，你觉得哪里的龙舟最有看点？...
2025-06-02 13:12:31,989 - INFO - 解析第 21 条: 高考真的有我们想象中的重要吗？
高考真的有我们想象中的重要吗？...
2025-06-02 13:12:32,010 - INFO - 解析第 22 条: 为什么山水集团明知道孙连城的爱好，却不送他望远镜投其所好?
送中华和茅台孙连城不收，程度跟赵瑞龙说了...
2025-06-02 13:12:32,029 - INFO - 解析第 23 条: 有哪些看着普通，吃起来却惊艳的美食 ？
有次在重庆街头，瞧见一家小店卖熨斗糕。 外观黄澄澄，扁扁平平...
2025-06-02 13:12:32,047 - INFO - 解析第 24 条: 为什么那么多人宁愿月薪五六千，上下班挤地铁，每月剩不了几个钱也要留在大城市生活？
引发人们对大城市生...
2025-06-02 13:12:32,065 - INFO - 解析第 25 条: 父母的负面情绪严重影响到了家庭氛围，我的高考焦虑更加重了怎么办？...
2025-06-02 13:12:32,084 - INFO - 解析第 26 条: 划龙舟走直线的关键是什么？这个很难做到吗？辽宁队为什么一直走不了直线？
看网友一直吐槽辽宁龙舟不走直...
2025-06-02 13:12:32,108 - INFO - 解析第 27 条: NBA 历史防守最好的五个人都是谁？...
2025-06-02 13:12:32,129 - INFO - 解析第 28 条: 如何评价电视剧《藏海传》25-28 集？...
2025-06-02 13:12:32,148 - INFO - 解析第 29 条: 如何评价赵丽颖主演《在人间》的大结局？
如何评价赵丽颖短剧《在人间》的结局？...
2025-06-02 13:12:32,167 - INFO - 解析第 30 条: 3 家大型网站平台因「开盒」问题被处罚，带来哪些警示和影响？整治「开盒」可以从哪些方面入手？
近日，...
2025-06-02 13:12:32,168 - INFO - 本次爬取完成，新增 30 条数据，总计 30 条
2025-06-02 13:12:32,169 - INFO - 数据已保存到: data\raw\zhihu_hot_20250602_131232.json
2025-06-02 13:14:16,713 - INFO - Adding job tentatively -- it will be properly scheduled when the scheduler starts
2025-06-02 13:14:16,714 - INFO - Adding job tentatively -- it will be properly scheduled when the scheduler starts
2025-06-02 13:14:16,714 - INFO - 爬取任务已添加
2025-06-02 13:14:16,714 - INFO - Adding job tentatively -- it will be properly scheduled when the scheduler starts
2025-06-02 13:14:16,714 - INFO - Adding job tentatively -- it will be properly scheduled when the scheduler starts
2025-06-02 13:14:16,714 - INFO - 分析任务已添加
2025-06-02 13:14:16,714 - INFO - 定时任务调度器启动
2025-06-02 13:14:16,714 - INFO - 已添加的任务:
2025-06-02 13:14:16,714 - INFO -   - 每2小时基础爬取 (ID: crawl_basic_2h)
2025-06-02 13:14:16,715 - INFO -   - 每6小时详细爬取 (ID: crawl_detailed_6h)
2025-06-02 13:14:16,715 - INFO -   - 每日周报告生成 (ID: weekly_analysis)
2025-06-02 13:14:16,715 - INFO -   - 每周月报告生成 (ID: monthly_analysis)
2025-06-02 13:14:16,715 - INFO - Added job "每2小时基础爬取" to job store "default"
2025-06-02 13:14:16,715 - INFO - Added job "每6小时详细爬取" to job store "default"
2025-06-02 13:14:16,715 - INFO - Added job "每日周报告生成" to job store "default"
2025-06-02 13:14:16,715 - INFO - Added job "每周月报告生成" to job store "default"
2025-06-02 13:14:16,715 - INFO - Scheduler started
2025-06-02 13:58:27,346 - INFO - Chrome驱动启动成功
2025-06-02 13:58:27,346 - ERROR - 无法加载Cookie，请先手动登录
2025-06-02 14:01:28,553 - INFO - Chrome驱动启动成功
2025-06-02 14:01:28,553 - ERROR - 无法加载Cookie，请先手动登录
2025-06-02 14:02:33,861 - INFO - Chrome驱动启动成功
2025-06-02 14:02:33,861 - ERROR - 无法加载Cookie，请先手动登录
2025-06-02 14:03:12,569 - INFO - Chrome驱动启动成功
2025-06-02 14:03:12,570 - ERROR - 无法加载Cookie，请先手动登录
2025-06-02 14:05:27,811 - INFO - Chrome驱动启动成功
2025-06-02 14:05:30,450 - INFO - Cookie加载成功
2025-06-02 14:05:39,352 - INFO - 开始爬取热榜数据
2025-06-02 14:05:39,367 - INFO - 使用选择器 'section.HotItem' 找到 30 个元素
2025-06-02 14:06:13,771 - INFO - 解析第 7 条: 地球上为什么没有演化出硅基生命，而只是演化出碳基生命？...
2025-06-02 14:06:50,288 - INFO - 解析第 15 条: 当孩子说「作业太多」时，我们如何区分真实压力与逃避心理？需要介入还是鼓励自我调节？...
2025-06-02 14:07:13,001 - INFO - 解析第 28 条: 家乡在 A 省，但是离 B 省的省会比自己省会近是一种怎样的体验？...
2025-06-02 14:07:13,022 - INFO - 解析第 29 条: 如何评价《绝区零》仪玄动画短片《为了我的仪玄》？...
2025-06-02 14:07:13,040 - INFO - 解析第 30 条: 如何评价赵丽颖在《在人间》中的演技？
如何评价赵丽颖在《在人间》演技？...
2025-06-02 14:07:13,041 - INFO - 本次爬取完成，新增 5 条数据，总计 5 条
2025-06-02 14:07:13,042 - INFO - 数据已保存到: data\raw\zhihu_hot_20250602_140713.json
2025-06-02 14:11:14,202 - INFO - Chrome驱动启动成功
2025-06-02 14:11:16,778 - INFO - Cookie加载成功
2025-06-02 14:11:25,397 - INFO - 开始爬取热榜数据
2025-06-02 14:11:25,412 - INFO - 使用选择器 'section.HotItem' 找到 30 个元素
2025-06-02 14:11:25,928 - INFO - 解析第 29 条: 为啥广东这么潮湿，但是广东人基本不吃辣椒排湿？
广东时候还是偏向潮湿的，其他地方一般都是吃辣椒排湿，...
2025-06-02 14:11:25,949 - INFO - 解析第 30 条: 如何评价比斯利认为詹姆斯是 GOAT，称「人们都避谈乔丹季后赛输球还找罗德曼当帮手」?
5 月 28...
2025-06-02 14:11:25,949 - INFO - 本次爬取完成，新增 2 条数据，总计 2 条
2025-06-02 14:11:25,954 - INFO - 数据已保存到: data\raw\zhihu_hot_20250602_141125.json
2025-06-02 14:16:27,654 - INFO - Chrome驱动启动成功
2025-06-02 14:16:30,313 - INFO - Cookie加载成功
2025-06-02 14:16:38,435 - INFO - 开始爬取热榜数据
2025-06-02 14:16:38,458 - INFO - 使用选择器 'section.HotItem' 找到 30 个元素
2025-06-02 14:17:01,284 - INFO - 解析第 5 条: 中老铁路设计时速为什么只有 160km/h？
中老（中国―老挝）铁路 2021 年 12 月初就正式...
2025-06-02 14:18:10,613 - INFO - 本次爬取完成，新增 1 条数据，总计 1 条
2025-06-02 14:18:10,618 - INFO - 数据已保存到: data\raw\zhihu_hot_20250602_141810.json
2025-06-02 15:40:31,903 - INFO - Chrome驱动启动成功
2025-06-02 15:40:34,485 - INFO - Cookie加载成功
2025-06-02 15:40:43,303 - INFO - 开始爬取热榜数据
2025-06-02 15:40:43,323 - INFO - 使用选择器 'section.HotItem' 找到 30 个元素
2025-06-02 15:40:43,485 - INFO - 解析第 7 条: 如何评价有着「肉鸽 + 吃鸡」玩法的魂游《艾尔登法环：黑夜君临》，你觉得好玩吗？
这并不是一款类似《...
2025-06-02 15:40:43,647 - INFO - 解析第 14 条: 成年人也热爱过儿童节是「逃避现实」还是「治愈心灵」？这个时代我们需要怎样的「童心」？...
2025-06-02 15:40:43,909 - INFO - 解析第 28 条: 31 岁，如何系统性的学习英语？
31 岁了，大学上的艺术类院校，影视相关专业毕业，毕业后从影视后期...
2025-06-02 15:40:43,931 - INFO - 解析第 29 条: 如何评价动漫《我心里危险的东西》？...
2025-06-02 15:40:43,949 - INFO - 解析第 30 条: 对做理论物理而言，在一个二三本学校做教职是否意味着学术生涯的终结？
题主中流 985 大二，跟学校一...
2025-06-02 15:40:43,949 - INFO - 本次爬取完成，新增 5 条数据，总计 5 条
2025-06-02 15:40:43,964 - INFO - 数据已保存到: data\raw\zhihu_hot_20250602_154043.json
